# JRE version: Java(TM) SE Runtime Environment (18.0.2+9) (build 18.0.2+9-61)
# Java VM: Java HotSpot(TM) 64-Bit Server VM (18.0.2+9-61, mixed mode, emulated-client, sharing, tiered, compressed oops, compressed class ptrs, g1 gc, windows-amd64)
GC Precious Log:
 CardTable entry size: 512
 Card Set container configuration: InlinePtr #cards 5 size 8 Array Of Cards #cards 12 size 40 Howl #buckets 4 coarsen threshold 1843 Howl Bitmap #cards 512 size 80 coarsen threshold 460 Card regions per heap region 1 cards per card region 2048
 CPUs: 4 total, 4 available
 Memory: 8070M
 Large Page Support: Disabled
 NUMA Support: Disabled
 Compressed Oops: Enabled (32-bit)
 Heap Region Size: 1M
 Heap Min Capacity: 8M
 Heap Initial Capacity: 128M
 Heap Max Capacity: 2018M
 Pre-touch: Disabled
 Parallel Workers: 4
 Concurrent Workers: 1
 Concurrent Refinement Workers: 4
 Periodic GC: Disabled
Heap:
 garbage-first heap   total 131072K, used 60778K [0x0000000081e00000, 0x0000000100000000)
  region size 1024K, 55 young (56320K), 3 survivors (3072K)
 Metaspace       used 19357K, committed 19712K, reserved 1114112K
  class space    used 2553K, committed 2752K, reserved 1048576K
GC Heap History (6 events):
Event: 9.761 GC heap before
{Heap before GC invocations=0 (full 0):
 garbage-first heap   total 131072K, used 13312K [0x0000000081e00000, 0x0000000100000000)
  region size 1024K, 13 young (13312K), 0 survivors (0K)
 Metaspace       used 5083K, committed 5248K, reserved 1114112K
  class space    used 578K, committed 640K, reserved 1048576K
}
Event: 9.770 GC heap after
{Heap after GC invocations=1 (full 0):
 garbage-first heap   total 131072K, used 6681K [0x0000000081e00000, 0x0000000100000000)
  region size 1024K, 2 young (2048K), 2 survivors (2048K)
 Metaspace       used 5083K, committed 5248K, reserved 1114112K
  class space    used 578K, committed 640K, reserved 1048576K
}
Event: 11.193 GC heap before
{Heap before GC invocations=1 (full 0):
 garbage-first heap   total 131072K, used 13849K [0x0000000081e00000, 0x0000000100000000)
  region size 1024K, 9 young (9216K), 2 survivors (2048K)
 Metaspace       used 6894K, committed 7104K, reserved 1114112K
  class space    used 816K, committed 896K, reserved 1048576K
}
Event: 11.200 GC heap after
{Heap after GC invocations=2 (full 0):
 garbage-first heap   total 131072K, used 8048K [0x0000000081e00000, 0x0000000100000000)
  region size 1024K, 2 young (2048K), 2 survivors (2048K)
 Metaspace       used 6894K, committed 7104K, reserved 1114112K
  class space    used 816K, committed 896K, reserved 1048576K
}
Event: 14.055 GC heap before
{Heap before GC invocations=2 (full 0):
 garbage-first heap   total 131072K, used 29552K [0x0000000081e00000, 0x0000000100000000)
  region size 1024K, 23 young (23552K), 2 survivors (2048K)
 Metaspace       used 12003K, committed 12288K, reserved 1114112K
  class space    used 1535K, committed 1664K, reserved 1048576K
}
Event: 14.062 GC heap after
{Heap after GC invocations=3 (full 0):
 garbage-first heap   total 131072K, used 9578K [0x0000000081e00000, 0x0000000100000000)
  region size 1024K, 3 young (3072K), 3 survivors (3072K)
 Metaspace       used 12003K, committed 12288K, reserved 1114112K
  class space    used 1535K, committed 1664K, reserved 1048576K
}

